Start testing: Jul 09 07:50 IST
----------------------------------------------------------
1/3 Testing: FlowKeyTest
1/3 Test: FlowKeyTest
Command: "/home/pd/Downloads/flowguard/capture-cpp/build/test_flow_key"
Directory: /home/pd/Downloads/flowguard/capture-cpp/build
"FlowKeyTest" start time: Jul 09 07:50 IST
Output:
----------------------------------------------------------
test_flow_key_equality PASSED
<end of output>
Test time =   0.00 sec
----------------------------------------------------------
Test Passed.
"FlowKeyTest" end time: Jul 09 07:50 IST
"FlowKeyTest" time elapsed: 00:00:00
----------------------------------------------------------

2/3 Testing: FlowAggregatorTest
2/3 Test: FlowAggregatorTest
Command: "/home/pd/Downloads/flowguard/capture-cpp/build/test_flow_aggregator"
Directory: /home/pd/Downloads/flowguard/capture-cpp/build
"FlowAggregatorTest" start time: Jul 09 07:50 IST
Output:
----------------------------------------------------------

===== FLOW SUMMARY =====
10.0.0.1:1000 -> 10.0.0.2:80 [TCP] packets=2 bytes=300
test_two_packets_same_flow_aggregate PASSED (manual check output above)
<end of output>
Test time =   0.00 sec
----------------------------------------------------------
Test Passed.
"FlowAggregatorTest" end time: Jul 09 07:50 IST
"FlowAggregatorTest" time elapsed: 00:00:00
----------------------------------------------------------

3/3 Testing: BlockingQueueTest
3/3 Test: BlockingQueueTest
Command: "/home/pd/Downloads/flowguard/capture-cpp/build/test_blocking_queue"
Directory: /home/pd/Downloads/flowguard/capture-cpp/build
"BlockingQueueTest" start time: Jul 09 07:50 IST
Output:
----------------------------------------------------------
test_queue_blocks_when_full PASSED
<end of output>
Test time =   0.10 sec
----------------------------------------------------------
Test Passed.
"BlockingQueueTest" end time: Jul 09 07:50 IST
"BlockingQueueTest" time elapsed: 00:00:00
----------------------------------------------------------

End testing: Jul 09 07:50 IST
